<beans:beans xmlns="http://www.springframework.org/schema/security"
  xmlns:beans="http://www.springframework.org/schema/beans"
  xmlns:xsi="http://www.w3.org/2001/XMLSchema-instance"
  xsi:schemaLocation="
http://www.springframework.org/schema/beans http://www.springframework.org/schema/beans/spring-beans-2.0.xsd
http://www.springframework.org/schema/security http://www.springframework.org/schema/security/spring-security-2.0.4.xsd">

  <http>
    <intercept-url
      pattern="/secure/project/add.html"
      access="ROLE_ADMIN"
      requires-channel="https" />
    <intercept-url
      pattern="/secure/project/copy.html"
      access="ROLE_ADMIN"
      requires-channel="https" />
    <intercept-url
      pattern="/secure/**"
      access="ROLE_USER"
      requires-channel="https"/>
    <intercept-url
      pattern="/login.jsp"
      access="IS_AUTHENTICATED_ANONYMOUSLY"
      requires-channel="https"/>
    <intercept-url
      pattern="/**"
      access="IS_AUTHENTICATED_ANONYMOUSLY" />

    <form-login
      login-page="/login.jsp"
      authentication-failure-url="/login.jsp?error=403"/>
      
    <anonymous />
    
    <concurrent-session-control
      max-sessions="1"
      exception-if-maximum-exceeded="true" />
  </http>
  
  <authentication-provider>
    <user-service>
      <user name="admin" password="admin" authorities="ROLE_USER, ROLE_ADMIN" />
      <user name="user" password="user" authorities="ROLE_USER" />
    </user-service>
  </authentication-provider>
  
</beans:beans>
